Drill report for Proyecto.kicad_pcb
Created on 22/7/2022 11:00:52 p. m.

Copper Layer Stackup:
    =============================================================
    L1 :  F.Cu                      front
    L2 :  GND                       in1
    L3 :  POWER                     in2
    L4 :  B.Cu                      back


Drill file 'Proyecto-PTH.drl' contains
    plated through holes:
    =============================================================
    T1  0.400mm  0.0157"  (153 holes)
    T2  0.800mm  0.0315"  (10 holes)
    T3  1.000mm  0.0394"  (13 holes)
    T4  1.100mm  0.0433"  (6 holes)
    T5  1.300mm  0.0512"  (20 holes)
    T6  1.520mm  0.0598"  (40 holes)

    Total plated holes count 242


Drill file 'Proyecto-NPTH.drl' contains
    unplated through holes:
    =============================================================
    T1  2.200mm  0.0866"  (4 holes)

    Total unplated holes count 4
